<?xml version="1.0" encoding="UTF-8"?>
<!-- Generated by org.testng.reporters.JUnitReportReporter -->
<testsuite skipped="0" hostname="zalena" name="com.google.qa.com.google.VerifyLoginPage" tests="1" failures="0" timestamp="28 Dec 2018 20:10:54 GMT" time="7.915" errors="0">
  <testcase name="verifyLogin" time="7.915" classname="com.google.qa.com.google.VerifyLoginPage"/>
</testsuite> <!-- com.google.qa.com.google.VerifyLoginPage -->
